-------------------------------------------------------------------------------
Test set: com.example.OnlineShop.service.CustomerServiceTest
-------------------------------------------------------------------------------
Tests run: 4, Failures: 1, Errors: 0, Skipped: 0, Time elapsed: 0.043 s <<< FAILURE! - in com.example.OnlineShop.service.CustomerServiceTest
deleteCategory  Time elapsed: 0.036 s  <<< FAILURE!
org.opentest4j.AssertionFailedError: expected: <The user was successfully delete> but was: <The customer was successfully delete>
	at com.example.OnlineShop.service.CustomerServiceTest.deleteCategory(CustomerServiceTest.java:151)

